app/build/outputs/mapping/release/seeds.txt
com.example.android.sunshine.R$anim: int abc_fade_in
com.example.android.sunshine.R$anim: int abc_fade_out
com.example.android.sunshine.R$anim: int abc_grow_fade_in_from_bottom
com.example.android.sunshine.R$anim: int abc_popup_enter
com.example.android.sunshine.R$anim: int abc_popup_exit
com.example.android.sunshine.R$anim: int abc_shrink_fade_out_from_bottom
com.example.android.sunshine.R$anim: int abc_slide_in_bottom
com.example.android.sunshine.R$anim: int abc_slide_in_top
com.example.android.sunshine.R$anim: int abc_slide_out_bottom
com.example.android.sunshine.R$anim: int abc_slide_out_top
com.example.android.sunshine.R$anim: int tooltip_enter
com.example.android.sunshine.R$anim: int tooltip_exit
com.example.android.sunshine.R$attr: int actionBarDivider
com.example.android.sunshine.R$attr: int actionBarItemBackground
com.example.android.sunshine.R$attr: int actionBarPopupTheme
com.example.android.sunshine.R$attr: int actionBarSize
com.example.android.sunshine.R$attr: int actionBarSplitStyle
com.example.android.sunshine.R$attr: int actionBarStyle
com.example.android.sunshine.R$attr: int actionBarTabBarStyle
com.example.android.sunshine.R$attr: int actionBarTabStyle
com.example.android.sunshine.R$attr: int actionBarTabTextStyle
com.example.android.sunshine.R$attr: int actionBarTheme
com.example.android.sunshine.R$attr: int actionBarWidgetTheme
com.example.android.sunshine.R$attr: int actionButtonStyle
com.example.android.sunshine.R$attr: int actionDropDownStyle
com.example.android.sunshine.R$attr: int actionLayout
com.example.android.sunshine.R$attr: int actionMenuTextAppearance
com.example.android.sunshine.R$attr: int actionMenuTextColor
com.example.android.sunshine.R$attr: int actionModeBackground
com.example.android.sunshine.R$attr: int actionModeCloseButtonStyle
com.example.android.sunshine.R$attr: int actionModeCloseDrawable
com.example.android.sunshine.R$attr: int actionModeCopyDrawable
com.example.android.sunshine.R$attr: int actionModeCutDrawable
com.example.android.sunshine.R$attr: int actionModeFindDrawable
com.example.android.sunshine.R$attr: int actionModePasteDrawable
com.example.android.sunshine.R$attr: int actionModePopupWindowStyle
com.example.android.sunshine.R$bool: int abc_action_bar_embed_tabs
com.example.android.sunshine.R$bool: int abc_allow_stacked_button_bar
com.example.android.sunshine.R$bool: int abc_config_actionMenuItemAllCaps
com.example.android.sunshine.R$bool: int abc_config_closeDialogWhenTouchOutside
com.example.android.sunshine.R$bool: int abc_config_showMenuShortcutsWhenKeyboardPresent
com.example.android.sunshine.R$bool: int use_today_layout
...
android.support.graphics.drawable.VectorDrawableCompat$VPath: java.lang.String getPathName()
android.support.graphics.drawable.VectorDrawableCompat$VPath: android.support.v4.graphics.PathParser$PathDataNode[] getPathData()
android.support.graphics.drawable.VectorDrawableCompat$VPath: void setPathData(android.support.v4.graphics.PathParser$PathDataNode[])
android.support.graphics.drawable.VectorDrawableCompat$VPathRenderer: void setRootAlpha(int)
android.support.graphics.drawable.VectorDrawableCompat$VPathRenderer: int getRootAlpha()
android.support.graphics.drawable.VectorDrawableCompat$VPathRenderer: void setAlpha(float)
android.support.graphics.drawable.VectorDrawableCompat$VPathRenderer: float getAlpha()
android.support.graphics.drawable.VectorDrawableCompat$VectorDrawableCompatState: int getChangingConfigurations()
android.support.graphics.drawable.VectorDrawableCompat$VectorDrawableDelegateState: int getChangingConfigurations()
android.support.graphics.drawable.animated.R$attr: int font
android.support.graphics.drawable.animated.R$attr: int fontProviderAuthority
android.support.graphics.drawable.animated.R$attr: int fontProviderCerts
android.support.graphics.drawable.animated.R$attr: int fontProviderFetchStrategy
android.support.graphics.drawable.animated.R$attr: int fontProviderFetchTimeout
android.support.graphics.drawable.animated.R$attr: int fontProviderPackage
android.support.graphics.drawable.animated.R$attr: int fontProviderQuery
android.support.graphics.drawable.animated.R$attr: int fontStyle
android.support.graphics.drawable.animated.R$attr: int fontWeight
android.support.graphics.drawable.animated.R$bool: int abc_action_bar_embed_tabs
android.support.graphics.drawable.animated.R$color: int notification_action_color_filter
android.support.graphics.drawable.animated.R$color: int notification_icon_bg_color
android.support.graphics.drawable.animated.R$color: int ripple_material_light
android.support.graphics.drawable.animated.R$color: int secondary_text_default_material_light
android.support.graphics.drawable.animated.R$dimen: int compat_button_inset_horizontal_material
android.support.graphics.drawable.animated.R$dimen: int compat_button_inset_vertical_material
android.support.graphics.drawable.animated.R$dimen: int compat_button_padding_horizontal_material
android.support.graphics.drawable.animated.R$dimen: int compat_button_padding_vertical_material
android.support.graphics.drawable.animated.R$dimen: int compat_control_corner_material
android.support.graphics.drawable.animated.R$dimen: int notification_action_icon_size
android.support.graphics.drawable.animated.R$dimen: int notification_action_text_size
android.support.graphics.drawable.animated.R$dimen: int notification_big_circle_margin
android.support.graphics.drawable.animated.R$dimen: int notification_content_margin_start
android.support.graphics.drawable.animated.R$dimen: int notification_large_icon_height
android.support.graphics.drawable.animated.R$dimen: int notification_large_icon_width
android.support.graphics.drawable.animated.R$dimen: int notification_main_column_padding_top
android.support.graphics.drawable.animated.R$dimen: int notification_media_narrow_margin
android.support.graphics.drawable.animated.R$dimen: int notification_right_icon_size
android.support.graphics.drawable.animated.R$dimen: int notification_right_side_padding_top
android.support.graphics.drawable.animated.R$dimen: int notification_small_icon_background_padding