app/build/outputs/mapping/release/mapping.txt
com.example.android.sunshine.AppExecutors -> com.example.android.sunshine.a:
    java.lang.Object LOCK -> a
    com.example.android.sunshine.AppExecutors sInstance -> b
    java.util.concurrent.Executor diskIO -> c
    java.util.concurrent.Executor mainThread -> d
    java.util.concurrent.Executor networkIO -> e
    void <init>(java.util.concurrent.Executor,java.util.concurrent.Executor,java.util.concurrent.Executor) -> <init>
    com.example.android.sunshine.AppExecutors getInstance() -> a
    java.util.concurrent.Executor diskIO() -> b
    java.util.concurrent.Executor networkIO() -> c
    void <clinit>() -> <clinit>
com.example.android.sunshine.AppExecutors$1 -> com.example.android.sunshine.a$1:
com.example.android.sunshine.AppExecutors$MainThreadExecutor -> com.example.android.sunshine.a$a:
    android.os.Handler mainThreadHandler -> a
    void <init>() -> <init>
    void execute(java.lang.Runnable) -> execute
    void <init>(com.example.android.sunshine.AppExecutors$1) -> <init>
com.example.android.sunshine.data.SunshineRepository -> com.example.android.sunshine.data.a:
    java.lang.String LOG_TAG -> a
    java.lang.Object LOCK -> b
    com.example.android.sunshine.data.SunshineRepository sInstance -> c
    com.example.android.sunshine.data.database.WeatherDao mWeatherDao -> d
    com.example.android.sunshine.data.network.WeatherNetworkDataSource mWeatherNetworkDataSource -> e
    com.example.android.sunshine.AppExecutors mExecutors -> f
    boolean mInitialized -> g
    void <init>(com.example.android.sunshine.data.database.WeatherDao,com.example.android.sunshine.data.network.WeatherNetworkDataSource,com.example.android.sunshine.AppExecutors) -> <init>
    com.example.android.sunshine.data.SunshineRepository getInstance(com.example.android.sunshine.data.database.WeatherDao,com.example.android.sunshine.data.network.WeatherNetworkDataSource,com.example.android.sunshine.AppExecutors) -> a
    void initializeData() -> c
    android.arch.lifecycle.LiveData getCurrentWeatherForecasts() -> a
    android.arch.lifecycle.LiveData getWeatherByDate(java.util.Date) -> a
    void deleteOldData() -> d
    boolean isFetchNeeded() -> e
    void startFetchWeatherService() -> f
    void lambda$initializeData$2$SunshineRepository() -> b
    void lambda$new$1$SunshineRepository(com.example.android.sunshine.data.database.WeatherEntry[]) -> a
    void lambda$null$0$SunshineRepository(com.example.android.sunshine.data.database.WeatherEntry[]) -> b
com.example.android.sunshine.data.SunshineRepository$$Lambda$0 -> com.example.android.sunshine.data.b:
    com.example.android.sunshine.data.SunshineRepository arg$1 -> a
    void <init>(com.example.android.sunshine.data.SunshineRepository) -> <init>
    void onChanged(java.lang.Object) -> a
com.example.android.sunshine.data.SunshineRepository$$Lambda$1 -> com.example.android.sunshine.data.c:
    com.example.android.sunshine.data.SunshineRepository arg$1 -> a
    void <init>(com.example.android.sunshine.data.SunshineRepository) -> <init>
    void run() -> run
com.example.android.sunshine.data.SunshineRepository$$Lambda$2 -> com.example.android.sunshine.data.d:
    com.example.android.sunshine.data.SunshineRepository arg$1 -> a
    com.example.android.sunshine.data.database.WeatherEntry[] arg$2 -> b
    void <init>(com.example.android.sunshine.data.SunshineRepository,com.example.android.sunshine.data.database.WeatherEntry[]) -> <init>
    void run() -> run
com.example.android.sunshine.data.database.DateConverter -> com.example.android.sunshine.data.database.a:
    java.util.Date toDate(java.lang.Long) -> a
    java.lang.Long toTimestamp(java.util.Date) -> a
...
android.support.v4.app.FragmentManagerState -> android.support.v4.a.n:
    android.support.v4.app.FragmentState[] mActive -> a
    int[] mAdded -> b
    android.support.v4.app.BackStackState[] mBackStack -> c
    int mPrimaryNavActiveIndex -> d
    int mNextFragmentIndex -> e
    android.os.Parcelable$Creator CREATOR -> CREATOR
    void <init>() -> <init>
    void <init>(android.os.Parcel) -> <init>
    int describeContents() -> describeContents
    void writeToParcel(android.os.Parcel,int) -> writeToParcel
    void <clinit>() -> <clinit>
android.support.v4.app.FragmentManagerState$1 -> android.support.v4.a.n$1:
    void <init>() -> <init>
    android.support.v4.app.FragmentManagerState createFromParcel(android.os.Parcel) -> a
    android.support.v4.app.FragmentManagerState[] newArray(int) -> a
    java.lang.Object[] newArray(int) -> newArray
    java.lang.Object createFromParcel(android.os.Parcel) -> createFromParcel
android.support.v4.app.FragmentState -> android.support.v4.a.o:
    java.lang.String mClassName -> a
    int mIndex -> b
    boolean mFromLayout -> c
    int mFragmentId -> d
    int mContainerId -> e
    java.lang.String mTag -> f
    boolean mRetainInstance -> g
    boolean mDetached -> h
    android.os.Bundle mArguments -> i
    boolean mHidden -> j
    android.os.Bundle mSavedFragmentState -> k
    android.support.v4.app.Fragment mInstance -> l
    android.os.Parcelable$Creator CREATOR -> CREATOR
    void <init>(android.support.v4.app.Fragment) -> <init>
    void <init>(android.os.Parcel) -> <init>
    android.support.v4.app.Fragment instantiate(android.support.v4.app.FragmentHostCallback,android.support.v4.app.FragmentContainer,android.support.v4.app.Fragment,android.support.v4.app.FragmentManagerNonConfig) -> a
    int describeContents() -> describeContents
    void writeToParcel(android.os.Parcel,int) -> writeToParcel
    void <clinit>() -> <clinit>
android.support.v4.app.FragmentState$1 -> android.support.v4.a.o$1:
    void <init>() -> <init>
    android.support.v4.app.FragmentState createFromParcel(android.os.Parcel) -> a
    android.support.v4.app.FragmentState[] newArray(int) -> a
    java.lang.Object[] newArray(int) -> newArray
    java.lang.Object createFromParcel(android.os.Parcel) -> createFromParcel
android.support.v4.app.FragmentTransaction -> android.support.v4.a.p:
    void <init>() -> <init>
    android.support.v4.app.FragmentTransaction add(android.support.v4.app.Fragment,java.lang.String) -> a
    int commit() -> b
    int commitAllowingStateLoss() -> c
android.support.v4.app.FragmentTransition -> android.support.v4.a.q:
    int[] INVERSE_OPS -> a
    void startTransitions(android.support.v4.app.FragmentManagerImpl,java.util.ArrayList,java.util.ArrayList,int,int,boolean) -> a
    android.support.v4.util.ArrayMap calculateNameOverrides(int,java.util.ArrayList,java.util.ArrayList,int,int) -> a
    void configureTransitionsReordered(android.support.v4.app.FragmentManagerImpl,int,android.support.v4.app.FragmentTransition$FragmentContainerTransition,android.view.View,android.support.v4.util.ArrayMap) -> a
    void replaceHide(java.lang.Object,android.support.v4.app.Fragment,java.util.ArrayList) -> a
    void configureTransitionsOrdered(android.support.v4.app.FragmentManagerImpl,int,android.support.v4.app.FragmentTransition$FragmentContainerTransition,android.view.View,android.support.v4.util.ArrayMap) -> b
    void scheduleTargetChange(android.view.ViewGroup,android.support.v4.app.Fragment,android.view.View,java.util.ArrayList,java.lang.Object,java.util.ArrayList,java.lang.Object,java.util.ArrayList) -> a
    java.lang.Object getSharedElementTransition(android.support.v4.app.Fragment,android.support.v4.app.Fragment,boolean) -> a
    java.lang.Object getEnterTransition(android.support.v4.app.Fragment,boolean) -> a
    java.lang.Object getExitTransition(android.support.v4.app.Fragment,boolean) -> b