app/build/outputs/mapping/release/usage.txt
com.example.android.sunshine.AppExecutors:
    63:63:public java.util.concurrent.Executor mainThread()
com.example.android.sunshine.BR
com.example.android.sunshine.BuildConfig
com.example.android.sunshine.R
com.example.android.sunshine.R$anim
com.example.android.sunshine.R$attr
com.example.android.sunshine.R$bool
com.example.android.sunshine.R$color
com.example.android.sunshine.R$dimen
com.example.android.sunshine.R$drawable
com.example.android.sunshine.R$id
com.example.android.sunshine.R$integer
com.example.android.sunshine.R$layout
com.example.android.sunshine.R$mipmap
com.example.android.sunshine.R$string
com.example.android.sunshine.R$style
com.example.android.sunshine.R$styleable
com.example.android.sunshine.data.database.DateConverter:
    28:28:DateConverter()
com.example.android.sunshine.data.database.SunshineDatabase:
    private static final java.lang.String DATABASE_NAME
com.example.android.sunshine.data.network.NetworkUtils:
    private static final java.lang.String DYNAMIC_WEATHER_URL
    private static final java.lang.String STATIC_WEATHER_URL
    private static final java.lang.String FORECAST_BASE_URL
    private static final java.lang.String format
    private static final java.lang.String units
    private static final java.lang.String QUERY_PARAM
    private static final java.lang.String FORMAT_PARAM
    private static final java.lang.String UNITS_PARAM
    private static final java.lang.String DAYS_PARAM
com.example.android.sunshine.data.network.OpenWeatherJsonParser:
    private static final java.lang.String OWM_LIST
    private static final java.lang.String OWM_PRESSURE
    private static final java.lang.String OWM_HUMIDITY
    private static final java.lang.String OWM_WINDSPEED
    private static final java.lang.String OWM_WIND_DIRECTION
    private static final java.lang.String OWM_TEMPERATURE
    private static final java.lang.String OWM_MAX
    private static final java.lang.String OWM_MIN
    private static final java.lang.String OWM_WEATHER
    private static final java.lang.String OWM_WEATHER_ID
    private static final java.lang.String OWM_MESSAGE_CODE
com.example.android.sunshine.data.network.WeatherNetworkDataSource:
    public static final int NUM_DAYS
    private static final int SYNC_INTERVAL_HOURS
    private static final java.lang.String SUNSHINE_SYNC_TAG
com.example.android.sunshine.databinding.ActivityDetailBinding:
    27:27:public static com.example.android.sunshine.databinding.ActivityDetailBinding inflate(android.view.LayoutInflater,android.view.ViewGroup,boolean)
    31:31:public static com.example.android.sunshine.databinding.ActivityDetailBinding inflate(android.view.LayoutInflater)
    35:35:public static com.example.android.sunshine.databinding.ActivityDetailBinding bind(android.view.View)
    39:39:public static com.example.android.sunshine.databinding.ActivityDetailBinding inflate(android.view.LayoutInflater,android.view.ViewGroup,boolean,android.databinding.DataBindingComponent)
    43:43:public static com.example.android.sunshine.databinding.ActivityDetailBinding inflate(android.view.LayoutInflater,android.databinding.DataBindingComponent)
    47:47:public static com.example.android.sunshine.databinding.ActivityDetailBinding bind(android.view.View,android.databinding.DataBindingComponent)
com.example.android.sunshine.databinding.ActivityDetailBindingImpl:
    74:75:public boolean setVariable(int,java.lang.Object)
    80:86:protected boolean onFieldChange(int,java.lang.Object,int)
    89:95:private boolean onChangePrimaryInfo(com.example.android.sunshine.databinding.PrimaryWeatherInfoBinding,int)
    98:104:private boolean onChangeExtraDetails(com.example.android.sunshine.databinding.ExtraWeatherDetailsBinding,int)
...
android.support.constraint.solver.widgets.Guideline:
    public static final int HORIZONTAL
    public static final int VERTICAL
    public static final int RELATIVE_PERCENT
    public static final int RELATIVE_BEGIN
    public static final int RELATIVE_END
    public static final int RELATIVE_UNKNWON
    50:59:public int getRelativeBehaviour()
    63:70:public android.support.constraint.solver.widgets.Rectangle getHead()
    88:88:public android.support.constraint.solver.widgets.ConstraintAnchor getAnchor()
    98:98:public java.lang.String getType()
    106:107:public void setMinimumPosition(int)
    110:114:public void setPositionRelaxed(boolean)
    149:150:public void setGuidePercent(int)
    243:264:public void setDrawOrigin(int,int)
    267:272:void inferRelativePercentPosition()
    275:280:void inferRelativeBeginPosition()
    283:288:void inferRelativeEndPosition()
    291:301:public void cyclePosition()
android.support.constraint.solver.widgets.Optimizer:
    24:24:public Optimizer()
android.support.constraint.solver.widgets.Rectangle:
    public int x
    public int y
    public int width
    public int height
    28:32:public void setBounds(int,int,int,int)
    34:38:void grow(int,int)
    41:41:boolean intersects(android.support.constraint.solver.widgets.Rectangle)
    46:46:public boolean contains(int,int)
    50:50:public int getCenterX()
    51:51:public int getCenterY()
android.support.constraint.solver.widgets.WidgetContainer:
    26:48:public WidgetContainer(int,int,int,int)
    26:58:public WidgetContainer(int,int)
    96:96:public java.util.ArrayList getChildren()
    133:158:public android.support.constraint.solver.widgets.ConstraintWidget findWidget(float,float)
    171:183:public java.util.ArrayList findWidgets(int,int,int,int)
    193:217:public static android.support.constraint.solver.widgets.Rectangle getBounds(java.util.ArrayList)
    290:296:public void resetGroups()
android.support.coreui.BuildConfig
android.support.coreui.R
android.support.coreui.R$attr
android.support.coreui.R$bool
android.support.coreui.R$color
android.support.coreui.R$dimen
android.support.coreui.R$drawable
android.support.coreui.R$id
android.support.coreui.R$integer
android.support.coreui.R$layout
android.support.coreui.R$string
android.support.coreui.R$style
android.support.coreui.R$styleable
android.support.coreutils.BuildConfig
android.support.coreutils.R
android.support.coreutils.R$attr
android.support.coreutils.R$bool
android.support.coreutils.R$color
android.support.coreutils.R$dimen
android.support.coreutils.R$drawable
android.support.coreutils.R$id
android.support.coreutils.R$integer
android.support.coreutils.R$layout
android.support.coreutils.R$string
android.support.coreutils.R$style
android.support.coreutils.R$styleable
android.support.fragment.BuildConfig
android.support.fragment.R
android.support.fragment.R$attr
android.support.fragment.R$bool
android.support.fragment.R$color
android.support.fragment.R$dimen
android.support.fragment.R$drawable
android.support.fragment.R$id
android.support.fragment.R$integer
android.support.fragment.R$layout
android.support.fragment.R$string
android.support.fragment.R$style
android.support.fragment.R$styleable